app/build/outputs/logs/manifest-merger-debug-report.txt
-- Merging decision tree log ---
manifest
ADDED from src\main\AndroidManifest.xml:1:1-65:12
	package
		ADDED from src\main\AndroidManifest.xml:2:5-39
		INJECTED from src\main\AndroidManifest.xml
		INJECTED from src\main\AndroidManifest.xml
	android:versionName
		INJECTED from src\main\AndroidManifest.xml
		INJECTED from src\main\AndroidManifest.xml
	xmlns:android
		ADDED from src\main\AndroidManifest.xml:1:11-69
	android:versionCode
		INJECTED from src\main\AndroidManifest.xml
		INJECTED from src\main\AndroidManifest.xml
application
ADDED from src\main\AndroidManifest.xml:4:5-62:19
MERGED from [com.android.support:appcompat-v7:23.1.1] AndroidManifest.xml:22:5-20
MERGED from [com.android.support:support-v4:23.1.1] AndroidManifest.xml:22:5-20
MERGED from [Firstapp:library:unspecified] AndroidManifest.xml:11:5-20
	android:screenOrientation
		ADDED from src\main\AndroidManifest.xml:7:9-45
	android:label
		ADDED from src\main\AndroidManifest.xml:4:45-77
	android:supportsRtl
		ADDED from src\main\AndroidManifest.xml:5:44-70
	android:allowBackup
		ADDED from src\main\AndroidManifest.xml:4:18-44
	android:icon
		ADDED from src\main\AndroidManifest.xml:5:9-43
	android:theme
		ADDED from src\main\AndroidManifest.xml:6:9-40
activity#com.example.zzb.firstapp.welcome.SplashActivity
ADDED from src\main\AndroidManifest.xml:8:9-21:20
	android:screenOrientation
		ADDED from src\main\AndroidManifest.xml:13:13-49
	android:label
		ADDED from src\main\AndroidManifest.xml:10:13-45
	android:launchMode
		ADDED from src\main\AndroidManifest.xml:12:13-44
	android:configChanges
		ADDED from src\main\AndroidManifest.xml:11:13-51
	android:theme
		ADDED from src\main\AndroidManifest.xml:14:13-71
	android:name
		ADDED from src\main\AndroidManifest.xml:9:13-51
intent-filter#android.intent.action.MAIN+android.intent.category.LAUNCHER
ADDED from src\main\AndroidManifest.xml:17:13-20:29
action#android.intent.action.MAIN
ADDED from src\main\AndroidManifest.xml:18:17-69
	android:name
		ADDED from src\main\AndroidManifest.xml:18:25-66
category#android.intent.category.LAUNCHER
ADDED from src\main\AndroidManifest.xml:19:17-77
	android:name
		ADDED from src\main\AndroidManifest.xml:19:27-74
activity#com.example.zzb.firstapp.Fifth.Subscribe
ADDED from src\main\AndroidManifest.xml:22:9-24:20
	android:name
		ADDED from src\main\AndroidManifest.xml:22:19-50
activity#com.example.zzb.firstapp.welcome.GuideActivity
ADDED from src\main\AndroidManifest.xml:25:9-28:83
	android:screenOrientation
		ADDED from src\main\AndroidManifest.xml:26:13-49
	android:configChanges
		ADDED from src\main\AndroidManifest.xml:27:13-51
	android:theme
		ADDED from src\main\AndroidManifest.xml:28:13-71
	android:name
		ADDED from src\main\AndroidManifest.xml:25:19-56
activity#com.example.zzb.firstapp.Main.Main
ADDED from src\main\AndroidManifest.xml:30:5-35:16
	android:screenOrientation
		ADDED from src\main\AndroidManifest.xml:33:9-45
	android:label
		ADDED from src\main\AndroidManifest.xml:32:9-41
	android:launchMode
		ADDED from src\main\AndroidManifest.xml:31:9-40
	android:name
		ADDED from src\main\AndroidManifest.xml:30:15-40
activity#com.example.zzb.firstapp.Fifth.PersonalPage
ADDED from src\main\AndroidManifest.xml:36:9-38:15
	android:screenOrientation
		ADDED from src\main\AndroidManifest.xml:37:13-49
	android:name
		ADDED from src\main\AndroidManifest.xml:36:19-53
activity#com.example.zzb.firstapp.LoginAndRegist.FindPasswordActivity
ADDED from src\main\AndroidManifest.xml:39:5-41:11
	android:screenOrientation
		ADDED from src\main\AndroidManifest.xml:40:9-45
	android:name
		ADDED from src\main\AndroidManifest.xml:39:15-66
activity#com.example.zzb.firstapp.Forth.ArticleActivity
ADDED from src\main\AndroidManifest.xml:42:9-58
	android:name
		ADDED from src\main\AndroidManifest.xml:42:19-56
activity#com.example.zzb.firstapp.LoginAndRegist.LoginActivity
ADDED from src\main\AndroidManifest.xml:43:5-44:47
	android:screenOrientation
		ADDED from src\main\AndroidManifest.xml:44:9-45
	android:name
		ADDED from src\main\AndroidManifest.xml:43:15-59
activity#com.example.zzb.firstapp.LoginAndRegist.MakeNichengActivity
ADDED from src\main\AndroidManifest.xml:45:5-46:47
	android:screenOrientation
		ADDED from src\main\AndroidManifest.xml:46:9-45
	android:name
		ADDED from src\main\AndroidManifest.xml:45:15-65
activity#com.example.zzb.firstapp.LoginAndRegist.RegisterActivity
ADDED from src\main\AndroidManifest.xml:48:5-49:47
	android:screenOrientation
		ADDED from src\main\AndroidManifest.xml:49:9-45
	android:name
		ADDED from src\main\AndroidManifest.xml:48:15-62
activity#com.example.zzb.firstapp.Second.ChatActivity
ADDED from src\main\AndroidManifest.xml:50:5-51:47
	android:screenOrientation
		ADDED from src\main\AndroidManifest.xml:51:9-45
	android:name
		ADDED from src\main\AndroidManifest.xml:50:15-50
activity#com.example.zzb.firstapp.Fifth.SettingActivity
ADDED from src\main\AndroidManifest.xml:52:9-54:51
	android:screenOrientation
		ADDED from src\main\AndroidManifest.xml:54:13-49
	android:label
		ADDED from src\main\AndroidManifest.xml:53:13-31
	android:name
		ADDED from src\main\AndroidManifest.xml:52:19-56
activity#com.example.zzb.firstapp.Forth.FriendCircleActivity
ADDED from src\main\AndroidManifest.xml:55:9-57:15
	android:screenOrientation
		ADDED from src\main\AndroidManifest.xml:56:13-49
	android:name
		ADDED from src\main\AndroidManifest.xml:55:19-61
activity#com.example.zzb.firstapp.Forth.PublishArticleActivity
ADDED from src\main\AndroidManifest.xml:58:9-59:51
	android:screenOrientation
		ADDED from src\main\AndroidManifest.xml:59:13-49
	android:name
		ADDED from src\main\AndroidManifest.xml:58:19-63
activity#com.example.zzb.firstapp.Fifth.AssortMain
ADDED from src\main\AndroidManifest.xml:60:9-61:51
	android:screenOrientation
		ADDED from src\main\AndroidManifest.xml:61:13-49
	android:name
		ADDED from src\main\AndroidManifest.xml:60:19-51
uses-sdk
INJECTED from src\main\AndroidManifest.xml reason: use-sdk injection requested
MERGED from [com.android.support:appcompat-v7:23.1.1] AndroidManifest.xml:20:5-43
MERGED from [com.android.support:support-v4:23.1.1] AndroidManifest.xml:20:5-43
MERGED from [Firstapp:library:unspecified] AndroidManifest.xml:7:5-9:40
	android:targetSdkVersion
		INJECTED from src\main\AndroidManifest.xml
		INJECTED from src\main\AndroidManifest.xml
	android:minSdkVersion
		INJECTED from src\main\AndroidManifest.xml
		INJECTED from src\main\AndroidManifest.xml